[0.111s] DEBUG:colcon:Command line arguments: ['/usr/bin/colcon', 'build']
[0.111s] DEBUG:colcon:Parsed command line arguments: Namespace(log_base=None, log_level=None, verb_name='build', build_base='build', install_base='install', merge_install=False, symlink_install=False, test_result_base=None, continue_on_error=False, executor='parallel', parallel_workers=20, event_handlers=None, ignore_user_meta=False, metas=['./colcon.meta'], base_paths=['.'], packages_ignore=None, packages_ignore_regex=None, paths=None, packages_up_to=None, packages_up_to_regex=None, packages_above=None, packages_above_and_dependencies=None, packages_above_depth=None, packages_select_by_dep=None, packages_skip_by_dep=None, packages_skip_up_to=None, packages_select_build_failed=False, packages_skip_build_finished=False, packages_select_test_failures=False, packages_skip_test_passed=False, packages_select=None, packages_skip=None, packages_select_regex=None, packages_skip_regex=None, packages_start=None, packages_end=None, allow_overriding=[], cmake_args=None, cmake_target=None, cmake_target_skip_unavailable=False, cmake_clean_cache=False, cmake_clean_first=False, cmake_force_configure=False, ament_cmake_args=None, catkin_cmake_args=None, catkin_skip_building_tests=False, verb_parser=<colcon_defaults.argument_parser.defaults.DefaultArgumentsDecorator object at 0x7020d4823310>, verb_extension=<colcon_core.verb.build.BuildVerb object at 0x7020d49647c0>, main=<bound method BuildVerb.main of <colcon_core.verb.build.BuildVerb object at 0x7020d49647c0>>)
[0.181s] Level 1:colcon.colcon_core.package_discovery:discover_packages(colcon_meta) check parameters
[0.181s] Level 1:colcon.colcon_core.package_discovery:discover_packages(recursive) check parameters
[0.181s] Level 1:colcon.colcon_core.package_discovery:discover_packages(ignore) check parameters
[0.181s] Level 1:colcon.colcon_core.package_discovery:discover_packages(path) check parameters
[0.181s] Level 1:colcon.colcon_core.package_discovery:discover_packages(colcon_meta) discover
[0.181s] Level 1:colcon.colcon_core.package_discovery:discover_packages(recursive) discover
[0.181s] INFO:colcon.colcon_core.package_discovery:Crawling recursively for packages in '/home/lucky/Code/ros2/chapt2'
[0.181s] Level 1:colcon.colcon_core.package_identification:_identify(.) by extensions ['ignore', 'ignore_ament_install']
[0.181s] Level 1:colcon.colcon_core.package_identification:_identify(.) by extension 'ignore'
[0.181s] Level 1:colcon.colcon_core.package_identification:_identify(.) by extension 'ignore_ament_install'
[0.181s] Level 1:colcon.colcon_core.package_identification:_identify(.) by extensions ['colcon_pkg']
[0.181s] Level 1:colcon.colcon_core.package_identification:_identify(.) by extension 'colcon_pkg'
[0.181s] Level 1:colcon.colcon_core.package_identification:_identify(.) by extensions ['colcon_meta']
[0.181s] Level 1:colcon.colcon_core.package_identification:_identify(.) by extension 'colcon_meta'
[0.181s] Level 1:colcon.colcon_core.package_identification:_identify(.) by extensions ['ros']
[0.181s] Level 1:colcon.colcon_core.package_identification:_identify(.) by extension 'ros'
[0.187s] Level 1:colcon.colcon_core.package_identification:_identify(.) by extensions ['cmake', 'python']
[0.187s] Level 1:colcon.colcon_core.package_identification:_identify(.) by extension 'cmake'
[0.187s] Level 1:colcon.colcon_core.package_identification:_identify(.) by extension 'python'
[0.187s] Level 1:colcon.colcon_core.package_identification:_identify(.) by extensions ['python_setup_py']
[0.187s] Level 1:colcon.colcon_core.package_identification:_identify(.) by extension 'python_setup_py'
[0.187s] Level 1:colcon.colcon_core.package_identification:_identify(build) by extensions ['ignore', 'ignore_ament_install']
[0.187s] Level 1:colcon.colcon_core.package_identification:_identify(build) by extension 'ignore'
[0.187s] Level 1:colcon.colcon_core.package_identification:_identify(build) ignored
[0.188s] Level 1:colcon.colcon_core.package_identification:_identify(install) by extensions ['ignore', 'ignore_ament_install']
[0.188s] Level 1:colcon.colcon_core.package_identification:_identify(install) by extension 'ignore'
[0.188s] Level 1:colcon.colcon_core.package_identification:_identify(install) ignored
[0.188s] Level 1:colcon.colcon_core.package_identification:_identify(log) by extensions ['ignore', 'ignore_ament_install']
[0.188s] Level 1:colcon.colcon_core.package_identification:_identify(log) by extension 'ignore'
[0.188s] Level 1:colcon.colcon_core.package_identification:_identify(log) ignored
[0.188s] Level 1:colcon.colcon_core.package_identification:_identify(src) by extensions ['ignore', 'ignore_ament_install']
[0.188s] Level 1:colcon.colcon_core.package_identification:_identify(src) by extension 'ignore'
[0.188s] Level 1:colcon.colcon_core.package_identification:_identify(src) by extension 'ignore_ament_install'
[0.188s] Level 1:colcon.colcon_core.package_identification:_identify(src) by extensions ['colcon_pkg']
[0.188s] Level 1:colcon.colcon_core.package_identification:_identify(src) by extension 'colcon_pkg'
[0.188s] Level 1:colcon.colcon_core.package_identification:_identify(src) by extensions ['colcon_meta']
[0.188s] Level 1:colcon.colcon_core.package_identification:_identify(src) by extension 'colcon_meta'
[0.188s] Level 1:colcon.colcon_core.package_identification:_identify(src) by extensions ['ros']
[0.188s] Level 1:colcon.colcon_core.package_identification:_identify(src) by extension 'ros'
[0.188s] Level 1:colcon.colcon_core.package_identification:_identify(src) by extensions ['cmake', 'python']
[0.188s] Level 1:colcon.colcon_core.package_identification:_identify(src) by extension 'cmake'
[0.188s] Level 1:colcon.colcon_core.package_identification:_identify(src) by extension 'python'
[0.188s] Level 1:colcon.colcon_core.package_identification:_identify(src) by extensions ['python_setup_py']
[0.188s] Level 1:colcon.colcon_core.package_identification:_identify(src) by extension 'python_setup_py'
[0.188s] Level 1:colcon.colcon_core.package_identification:_identify(src/demo_cpp_pkg) by extensions ['ignore', 'ignore_ament_install']
[0.188s] Level 1:colcon.colcon_core.package_identification:_identify(src/demo_cpp_pkg) by extension 'ignore'
[0.188s] Level 1:colcon.colcon_core.package_identification:_identify(src/demo_cpp_pkg) by extension 'ignore_ament_install'
[0.188s] Level 1:colcon.colcon_core.package_identification:_identify(src/demo_cpp_pkg) by extensions ['colcon_pkg']
[0.188s] Level 1:colcon.colcon_core.package_identification:_identify(src/demo_cpp_pkg) by extension 'colcon_pkg'
[0.188s] Level 1:colcon.colcon_core.package_identification:_identify(src/demo_cpp_pkg) by extensions ['colcon_meta']
[0.188s] Level 1:colcon.colcon_core.package_identification:_identify(src/demo_cpp_pkg) by extension 'colcon_meta'
[0.188s] Level 1:colcon.colcon_core.package_identification:_identify(src/demo_cpp_pkg) by extensions ['ros']
[0.188s] Level 1:colcon.colcon_core.package_identification:_identify(src/demo_cpp_pkg) by extension 'ros'
[0.190s] DEBUG:colcon.colcon_core.package_identification:Package 'src/demo_cpp_pkg' with type 'ros.ament_cmake' and name 'demo_cpp_pkg'
[0.190s] Level 1:colcon.colcon_core.package_identification:_identify(src/demo_python_pkg) by extensions ['ignore', 'ignore_ament_install']
[0.190s] Level 1:colcon.colcon_core.package_identification:_identify(src/demo_python_pkg) by extension 'ignore'
[0.190s] Level 1:colcon.colcon_core.package_identification:_identify(src/demo_python_pkg) by extension 'ignore_ament_install'
[0.190s] Level 1:colcon.colcon_core.package_identification:_identify(src/demo_python_pkg) by extensions ['colcon_pkg']
[0.190s] Level 1:colcon.colcon_core.package_identification:_identify(src/demo_python_pkg) by extension 'colcon_pkg'
[0.190s] Level 1:colcon.colcon_core.package_identification:_identify(src/demo_python_pkg) by extensions ['colcon_meta']
[0.190s] Level 1:colcon.colcon_core.package_identification:_identify(src/demo_python_pkg) by extension 'colcon_meta'
[0.190s] Level 1:colcon.colcon_core.package_identification:_identify(src/demo_python_pkg) by extensions ['ros']
[0.190s] Level 1:colcon.colcon_core.package_identification:_identify(src/demo_python_pkg) by extension 'ros'
[0.190s] DEBUG:colcon.colcon_core.package_identification:Package 'src/demo_python_pkg' with type 'ros.ament_python' and name 'demo_python_pkg'
[0.190s] Level 1:colcon.colcon_core.package_discovery:discover_packages(recursive) using defaults
[0.190s] Level 1:colcon.colcon_core.package_discovery:discover_packages(ignore) discover
[0.190s] Level 1:colcon.colcon_core.package_discovery:discover_packages(ignore) using defaults
[0.190s] Level 1:colcon.colcon_core.package_discovery:discover_packages(path) discover
[0.190s] Level 1:colcon.colcon_core.package_discovery:discover_packages(path) using defaults
[0.200s] Level 1:colcon.colcon_core.package_discovery:discover_packages(prefix_path) check parameters
[0.200s] Level 1:colcon.colcon_core.package_discovery:discover_packages(prefix_path) discover
[0.201s] DEBUG:colcon.colcon_installed_package_information.package_discovery:Found 2 installed packages in /home/lucky/Code/ros2/chapt2/install
[0.202s] DEBUG:colcon.colcon_installed_package_information.package_discovery:Found 271 installed packages in /opt/ros/humble
[0.203s] Level 1:colcon.colcon_core.package_discovery:discover_packages(prefix_path) using defaults
[0.227s] Level 5:colcon.colcon_core.verb:set package 'demo_cpp_pkg' build argument 'cmake_args' from command line to 'None'
[0.227s] Level 5:colcon.colcon_core.verb:set package 'demo_cpp_pkg' build argument 'cmake_target' from command line to 'None'
[0.227s] Level 5:colcon.colcon_core.verb:set package 'demo_cpp_pkg' build argument 'cmake_target_skip_unavailable' from command line to 'False'
[0.227s] Level 5:colcon.colcon_core.verb:set package 'demo_cpp_pkg' build argument 'cmake_clean_cache' from command line to 'False'
[0.227s] Level 5:colcon.colcon_core.verb:set package 'demo_cpp_pkg' build argument 'cmake_clean_first' from command line to 'False'
[0.227s] Level 5:colcon.colcon_core.verb:set package 'demo_cpp_pkg' build argument 'cmake_force_configure' from command line to 'False'
[0.227s] Level 5:colcon.colcon_core.verb:set package 'demo_cpp_pkg' build argument 'ament_cmake_args' from command line to 'None'
[0.227s] Level 5:colcon.colcon_core.verb:set package 'demo_cpp_pkg' build argument 'catkin_cmake_args' from command line to 'None'
[0.227s] Level 5:colcon.colcon_core.verb:set package 'demo_cpp_pkg' build argument 'catkin_skip_building_tests' from command line to 'False'
[0.227s] DEBUG:colcon.colcon_core.verb:Building package 'demo_cpp_pkg' with the following arguments: {'ament_cmake_args': None, 'build_base': '/home/lucky/Code/ros2/chapt2/build/demo_cpp_pkg', 'catkin_cmake_args': None, 'catkin_skip_building_tests': False, 'cmake_args': None, 'cmake_clean_cache': False, 'cmake_clean_first': False, 'cmake_force_configure': False, 'cmake_target': None, 'cmake_target_skip_unavailable': False, 'install_base': '/home/lucky/Code/ros2/chapt2/install/demo_cpp_pkg', 'merge_install': False, 'path': '/home/lucky/Code/ros2/chapt2/src/demo_cpp_pkg', 'symlink_install': False, 'test_result_base': None}
[0.227s] Level 5:colcon.colcon_core.verb:set package 'demo_python_pkg' build argument 'cmake_args' from command line to 'None'
[0.227s] Level 5:colcon.colcon_core.verb:set package 'demo_python_pkg' build argument 'cmake_target' from command line to 'None'
[0.227s] Level 5:colcon.colcon_core.verb:set package 'demo_python_pkg' build argument 'cmake_target_skip_unavailable' from command line to 'False'
[0.227s] Level 5:colcon.colcon_core.verb:set package 'demo_python_pkg' build argument 'cmake_clean_cache' from command line to 'False'
[0.227s] Level 5:colcon.colcon_core.verb:set package 'demo_python_pkg' build argument 'cmake_clean_first' from command line to 'False'
[0.227s] Level 5:colcon.colcon_core.verb:set package 'demo_python_pkg' build argument 'cmake_force_configure' from command line to 'False'
[0.227s] Level 5:colcon.colcon_core.verb:set package 'demo_python_pkg' build argument 'ament_cmake_args' from command line to 'None'
[0.227s] Level 5:colcon.colcon_core.verb:set package 'demo_python_pkg' build argument 'catkin_cmake_args' from command line to 'None'
[0.227s] Level 5:colcon.colcon_core.verb:set package 'demo_python_pkg' build argument 'catkin_skip_building_tests' from command line to 'False'
[0.227s] DEBUG:colcon.colcon_core.verb:Building package 'demo_python_pkg' with the following arguments: {'ament_cmake_args': None, 'build_base': '/home/lucky/Code/ros2/chapt2/build/demo_python_pkg', 'catkin_cmake_args': None, 'catkin_skip_building_tests': False, 'cmake_args': None, 'cmake_clean_cache': False, 'cmake_clean_first': False, 'cmake_force_configure': False, 'cmake_target': None, 'cmake_target_skip_unavailable': False, 'install_base': '/home/lucky/Code/ros2/chapt2/install/demo_python_pkg', 'merge_install': False, 'path': '/home/lucky/Code/ros2/chapt2/src/demo_python_pkg', 'symlink_install': False, 'test_result_base': None}
[0.227s] INFO:colcon.colcon_core.executor:Executing jobs using 'parallel' executor
[0.228s] DEBUG:colcon.colcon_parallel_executor.executor.parallel:run_until_complete
[0.228s] INFO:colcon.colcon_ros.task.ament_cmake.build:Building ROS package in '/home/lucky/Code/ros2/chapt2/src/demo_cpp_pkg' with build type 'ament_cmake'
[0.228s] INFO:colcon.colcon_cmake.task.cmake.build:Building CMake package in '/home/lucky/Code/ros2/chapt2/src/demo_cpp_pkg'
[0.231s] INFO:colcon.colcon_core.plugin_system:Skipping extension 'colcon_core.shell.bat': Not used on non-Windows systems
[0.231s] INFO:colcon.colcon_core.shell:Skip shell extension 'powershell' for command environment: Not usable outside of PowerShell
[0.231s] DEBUG:colcon.colcon_core.shell:Skip shell extension 'dsv' for command environment
[0.236s] DEBUG:colcon.colcon_core.event_handler.log_command:Invoking command in '/home/lucky/Code/ros2/chapt2/build/demo_cpp_pkg': CMAKE_PREFIX_PATH=${CMAKE_PREFIX_PATH}:/home/lucky/Code/ros2/chapt2/install/demo_python_pkg:/opt/ros/humble /usr/bin/cmake --build /home/lucky/Code/ros2/chapt2/build/demo_cpp_pkg -- -j20 -l20
[3.449s] DEBUG:colcon.colcon_core.event_handler.log_command:Invoked command in '/home/lucky/Code/ros2/chapt2/build/demo_cpp_pkg' returned '0': CMAKE_PREFIX_PATH=${CMAKE_PREFIX_PATH}:/home/lucky/Code/ros2/chapt2/install/demo_python_pkg:/opt/ros/humble /usr/bin/cmake --build /home/lucky/Code/ros2/chapt2/build/demo_cpp_pkg -- -j20 -l20
[3.454s] DEBUG:colcon.colcon_core.event_handler.log_command:Invoking command in '/home/lucky/Code/ros2/chapt2/build/demo_cpp_pkg': CMAKE_PREFIX_PATH=${CMAKE_PREFIX_PATH}:/home/lucky/Code/ros2/chapt2/install/demo_python_pkg:/opt/ros/humble /usr/bin/cmake --install /home/lucky/Code/ros2/chapt2/build/demo_cpp_pkg
[3.466s] Level 1:colcon.colcon_core.environment:create_environment_scripts_only(demo_cpp_pkg)
[3.467s] DEBUG:colcon.colcon_core.event_handler.log_command:Invoked command in '/home/lucky/Code/ros2/chapt2/build/demo_cpp_pkg' returned '0': CMAKE_PREFIX_PATH=${CMAKE_PREFIX_PATH}:/home/lucky/Code/ros2/chapt2/install/demo_python_pkg:/opt/ros/humble /usr/bin/cmake --install /home/lucky/Code/ros2/chapt2/build/demo_cpp_pkg
[3.468s] Level 1:colcon.colcon_core.environment:checking '/home/lucky/Code/ros2/chapt2/install/demo_cpp_pkg' for CMake module files
[3.468s] Level 1:colcon.colcon_core.environment:checking '/home/lucky/Code/ros2/chapt2/install/demo_cpp_pkg' for CMake config files
[3.468s] Level 1:colcon.colcon_core.shell:create_environment_hook('demo_cpp_pkg', 'cmake_prefix_path')
[3.468s] INFO:colcon.colcon_core.shell:Creating environment hook '/home/lucky/Code/ros2/chapt2/install/demo_cpp_pkg/share/demo_cpp_pkg/hook/cmake_prefix_path.ps1'
[3.469s] INFO:colcon.colcon_core.shell:Creating environment descriptor '/home/lucky/Code/ros2/chapt2/install/demo_cpp_pkg/share/demo_cpp_pkg/hook/cmake_prefix_path.dsv'
[3.469s] INFO:colcon.colcon_core.shell:Creating environment hook '/home/lucky/Code/ros2/chapt2/install/demo_cpp_pkg/share/demo_cpp_pkg/hook/cmake_prefix_path.sh'
[3.469s] Level 1:colcon.colcon_core.environment:checking '/home/lucky/Code/ros2/chapt2/install/demo_cpp_pkg/lib'
[3.470s] Level 1:colcon.colcon_core.environment:checking '/home/lucky/Code/ros2/chapt2/install/demo_cpp_pkg/bin'
[3.470s] Level 1:colcon.colcon_core.environment:checking '/home/lucky/Code/ros2/chapt2/install/demo_cpp_pkg/lib/pkgconfig/demo_cpp_pkg.pc'
[3.470s] Level 1:colcon.colcon_core.environment:checking '/home/lucky/Code/ros2/chapt2/install/demo_cpp_pkg/lib/python3.10/site-packages'
[3.470s] Level 1:colcon.colcon_core.environment:checking '/home/lucky/Code/ros2/chapt2/install/demo_cpp_pkg/bin'
[3.470s] INFO:colcon.colcon_core.shell:Creating package script '/home/lucky/Code/ros2/chapt2/install/demo_cpp_pkg/share/demo_cpp_pkg/package.ps1'
[3.471s] INFO:colcon.colcon_core.shell:Creating package descriptor '/home/lucky/Code/ros2/chapt2/install/demo_cpp_pkg/share/demo_cpp_pkg/package.dsv'
[3.471s] INFO:colcon.colcon_core.shell:Creating package script '/home/lucky/Code/ros2/chapt2/install/demo_cpp_pkg/share/demo_cpp_pkg/package.sh'
[3.471s] INFO:colcon.colcon_core.shell:Creating package script '/home/lucky/Code/ros2/chapt2/install/demo_cpp_pkg/share/demo_cpp_pkg/package.bash'
[3.472s] INFO:colcon.colcon_core.shell:Creating package script '/home/lucky/Code/ros2/chapt2/install/demo_cpp_pkg/share/demo_cpp_pkg/package.zsh'
[3.472s] Level 1:colcon.colcon_core.environment:create_file_with_runtime_dependencies(/home/lucky/Code/ros2/chapt2/install/demo_cpp_pkg/share/colcon-core/packages/demo_cpp_pkg)
[3.472s] Level 1:colcon.colcon_core.environment:create_environment_scripts_only(demo_cpp_pkg)
[3.472s] Level 1:colcon.colcon_core.environment:checking '/home/lucky/Code/ros2/chapt2/install/demo_cpp_pkg' for CMake module files
[3.472s] Level 1:colcon.colcon_core.environment:checking '/home/lucky/Code/ros2/chapt2/install/demo_cpp_pkg' for CMake config files
[3.473s] Level 1:colcon.colcon_core.shell:create_environment_hook('demo_cpp_pkg', 'cmake_prefix_path')
[3.473s] INFO:colcon.colcon_core.shell:Creating environment hook '/home/lucky/Code/ros2/chapt2/install/demo_cpp_pkg/share/demo_cpp_pkg/hook/cmake_prefix_path.ps1'
[3.473s] INFO:colcon.colcon_core.shell:Creating environment descriptor '/home/lucky/Code/ros2/chapt2/install/demo_cpp_pkg/share/demo_cpp_pkg/hook/cmake_prefix_path.dsv'
[3.473s] INFO:colcon.colcon_core.shell:Creating environment hook '/home/lucky/Code/ros2/chapt2/install/demo_cpp_pkg/share/demo_cpp_pkg/hook/cmake_prefix_path.sh'
[3.473s] Level 1:colcon.colcon_core.environment:checking '/home/lucky/Code/ros2/chapt2/install/demo_cpp_pkg/lib'
[3.473s] Level 1:colcon.colcon_core.environment:checking '/home/lucky/Code/ros2/chapt2/install/demo_cpp_pkg/bin'
[3.473s] Level 1:colcon.colcon_core.environment:checking '/home/lucky/Code/ros2/chapt2/install/demo_cpp_pkg/lib/pkgconfig/demo_cpp_pkg.pc'
[3.473s] Level 1:colcon.colcon_core.environment:checking '/home/lucky/Code/ros2/chapt2/install/demo_cpp_pkg/lib/python3.10/site-packages'
[3.474s] Level 1:colcon.colcon_core.environment:checking '/home/lucky/Code/ros2/chapt2/install/demo_cpp_pkg/bin'
[3.474s] INFO:colcon.colcon_core.shell:Creating package script '/home/lucky/Code/ros2/chapt2/install/demo_cpp_pkg/share/demo_cpp_pkg/package.ps1'
[3.474s] INFO:colcon.colcon_core.shell:Creating package descriptor '/home/lucky/Code/ros2/chapt2/install/demo_cpp_pkg/share/demo_cpp_pkg/package.dsv'
[3.474s] INFO:colcon.colcon_core.shell:Creating package script '/home/lucky/Code/ros2/chapt2/install/demo_cpp_pkg/share/demo_cpp_pkg/package.sh'
[3.474s] INFO:colcon.colcon_core.shell:Creating package script '/home/lucky/Code/ros2/chapt2/install/demo_cpp_pkg/share/demo_cpp_pkg/package.bash'
[3.475s] INFO:colcon.colcon_core.shell:Creating package script '/home/lucky/Code/ros2/chapt2/install/demo_cpp_pkg/share/demo_cpp_pkg/package.zsh'
[3.475s] Level 1:colcon.colcon_core.environment:create_file_with_runtime_dependencies(/home/lucky/Code/ros2/chapt2/install/demo_cpp_pkg/share/colcon-core/packages/demo_cpp_pkg)
[3.475s] INFO:colcon.colcon_ros.task.ament_python.build:Building ROS package in '/home/lucky/Code/ros2/chapt2/src/demo_python_pkg' with build type 'ament_python'
[3.475s] Level 1:colcon.colcon_core.shell:create_environment_hook('demo_python_pkg', 'ament_prefix_path')
[3.475s] INFO:colcon.colcon_core.shell:Creating environment hook '/home/lucky/Code/ros2/chapt2/install/demo_python_pkg/share/demo_python_pkg/hook/ament_prefix_path.ps1'
[3.476s] INFO:colcon.colcon_core.shell:Creating environment descriptor '/home/lucky/Code/ros2/chapt2/install/demo_python_pkg/share/demo_python_pkg/hook/ament_prefix_path.dsv'
[3.476s] INFO:colcon.colcon_core.shell:Creating environment hook '/home/lucky/Code/ros2/chapt2/install/demo_python_pkg/share/demo_python_pkg/hook/ament_prefix_path.sh'
[3.477s] INFO:colcon.colcon_core.shell:Skip shell extension 'powershell' for command environment: Not usable outside of PowerShell
[3.477s] DEBUG:colcon.colcon_core.shell:Skip shell extension 'dsv' for command environment
[3.677s] INFO:colcon.colcon_core.task.python.build:Building Python package in '/home/lucky/Code/ros2/chapt2/src/demo_python_pkg'
[3.677s] INFO:colcon.colcon_core.shell:Skip shell extension 'powershell' for command environment: Not usable outside of PowerShell
[3.677s] DEBUG:colcon.colcon_core.shell:Skip shell extension 'dsv' for command environment
[4.012s] DEBUG:colcon.colcon_core.event_handler.log_command:Invoking command in '/home/lucky/Code/ros2/chapt2/src/demo_python_pkg': PYTHONPATH=/home/lucky/Code/ros2/chapt2/build/demo_python_pkg/prefix_override:/usr/lib/python3/dist-packages/colcon_core/task/python/colcon_distutils_commands:/home/lucky/Code/ros2/chapt2/install/demo_python_pkg/lib/python3.10/site-packages:${PYTHONPATH} /usr/bin/python3 -W ignore:setup.py install is deprecated -W ignore:easy_install command is deprecated setup.py egg_info --egg-base ../../build/demo_python_pkg build --build-base /home/lucky/Code/ros2/chapt2/build/demo_python_pkg/build install --record /home/lucky/Code/ros2/chapt2/build/demo_python_pkg/install.log --single-version-externally-managed install_data
[4.167s] Level 1:colcon.colcon_core.environment:checking '/home/lucky/Code/ros2/chapt2/install/demo_python_pkg' for CMake module files
[4.167s] DEBUG:colcon.colcon_core.event_handler.log_command:Invoked command in '/home/lucky/Code/ros2/chapt2/src/demo_python_pkg' returned '0': PYTHONPATH=/home/lucky/Code/ros2/chapt2/build/demo_python_pkg/prefix_override:/usr/lib/python3/dist-packages/colcon_core/task/python/colcon_distutils_commands:/home/lucky/Code/ros2/chapt2/install/demo_python_pkg/lib/python3.10/site-packages:${PYTHONPATH} /usr/bin/python3 -W ignore:setup.py install is deprecated -W ignore:easy_install command is deprecated setup.py egg_info --egg-base ../../build/demo_python_pkg build --build-base /home/lucky/Code/ros2/chapt2/build/demo_python_pkg/build install --record /home/lucky/Code/ros2/chapt2/build/demo_python_pkg/install.log --single-version-externally-managed install_data
[4.168s] Level 1:colcon.colcon_core.environment:checking '/home/lucky/Code/ros2/chapt2/install/demo_python_pkg' for CMake config files
[4.170s] Level 1:colcon.colcon_core.environment:checking '/home/lucky/Code/ros2/chapt2/install/demo_python_pkg/lib'
[4.170s] Level 1:colcon.colcon_core.environment:checking '/home/lucky/Code/ros2/chapt2/install/demo_python_pkg/bin'
[4.170s] Level 1:colcon.colcon_core.environment:checking '/home/lucky/Code/ros2/chapt2/install/demo_python_pkg/lib/pkgconfig/demo_python_pkg.pc'
[4.171s] Level 1:colcon.colcon_core.environment:checking '/home/lucky/Code/ros2/chapt2/install/demo_python_pkg/lib/python3.10/site-packages'
[4.171s] Level 1:colcon.colcon_core.shell:create_environment_hook('demo_python_pkg', 'pythonpath')
[4.171s] INFO:colcon.colcon_core.shell:Creating environment hook '/home/lucky/Code/ros2/chapt2/install/demo_python_pkg/share/demo_python_pkg/hook/pythonpath.ps1'
[4.171s] INFO:colcon.colcon_core.shell:Creating environment descriptor '/home/lucky/Code/ros2/chapt2/install/demo_python_pkg/share/demo_python_pkg/hook/pythonpath.dsv'
[4.171s] INFO:colcon.colcon_core.shell:Creating environment hook '/home/lucky/Code/ros2/chapt2/install/demo_python_pkg/share/demo_python_pkg/hook/pythonpath.sh'
[4.172s] Level 1:colcon.colcon_core.environment:checking '/home/lucky/Code/ros2/chapt2/install/demo_python_pkg/bin'
[4.172s] Level 1:colcon.colcon_core.environment:create_environment_scripts_only(demo_python_pkg)
[4.172s] INFO:colcon.colcon_core.shell:Creating package script '/home/lucky/Code/ros2/chapt2/install/demo_python_pkg/share/demo_python_pkg/package.ps1'
[4.172s] INFO:colcon.colcon_core.shell:Creating package descriptor '/home/lucky/Code/ros2/chapt2/install/demo_python_pkg/share/demo_python_pkg/package.dsv'
[4.172s] INFO:colcon.colcon_core.shell:Creating package script '/home/lucky/Code/ros2/chapt2/install/demo_python_pkg/share/demo_python_pkg/package.sh'
[4.172s] INFO:colcon.colcon_core.shell:Creating package script '/home/lucky/Code/ros2/chapt2/install/demo_python_pkg/share/demo_python_pkg/package.bash'
[4.173s] INFO:colcon.colcon_core.shell:Creating package script '/home/lucky/Code/ros2/chapt2/install/demo_python_pkg/share/demo_python_pkg/package.zsh'
[4.173s] Level 1:colcon.colcon_core.environment:create_file_with_runtime_dependencies(/home/lucky/Code/ros2/chapt2/install/demo_python_pkg/share/colcon-core/packages/demo_python_pkg)
[4.173s] DEBUG:colcon.colcon_parallel_executor.executor.parallel:closing loop
[4.173s] DEBUG:colcon.colcon_parallel_executor.executor.parallel:loop closed
[4.173s] DEBUG:colcon.colcon_parallel_executor.executor.parallel:run_until_complete finished with '0'
[4.173s] DEBUG:colcon.colcon_core.event_reactor:joining thread
[4.220s] INFO:colcon.colcon_core.plugin_system:Skipping extension 'colcon_notification.desktop_notification.notify_send': Could not find 'notify-send'
[4.220s] INFO:colcon.colcon_core.plugin_system:Skipping extension 'colcon_notification.desktop_notification.terminal_notifier': Not used on non-Darwin systems
[4.220s] INFO:colcon.colcon_core.plugin_system:Skipping extension 'colcon_notification.desktop_notification.win32': Not used on non-Windows systems
[4.220s] INFO:colcon.colcon_notification.desktop_notification:Sending desktop notification using 'notify2'
[4.220s] DEBUG:colcon.colcon_notification.desktop_notification.notify2:Failed to initialize notify2: org.freedesktop.DBus.Error.FileNotFound: Failed to connect to socket /run/user/1000/bus: No such file or directory
[4.220s] DEBUG:colcon.colcon_core.event_reactor:joined thread
[4.221s] INFO:colcon.colcon_core.shell:Creating prefix script '/home/lucky/Code/ros2/chapt2/install/local_setup.ps1'
[4.221s] INFO:colcon.colcon_core.shell:Creating prefix util module '/home/lucky/Code/ros2/chapt2/install/_local_setup_util_ps1.py'
[4.222s] INFO:colcon.colcon_core.shell:Creating prefix chain script '/home/lucky/Code/ros2/chapt2/install/setup.ps1'
[4.223s] INFO:colcon.colcon_core.shell:Creating prefix script '/home/lucky/Code/ros2/chapt2/install/local_setup.sh'
[4.223s] INFO:colcon.colcon_core.shell:Creating prefix util module '/home/lucky/Code/ros2/chapt2/install/_local_setup_util_sh.py'
[4.224s] INFO:colcon.colcon_core.shell:Creating prefix chain script '/home/lucky/Code/ros2/chapt2/install/setup.sh'
[4.224s] INFO:colcon.colcon_core.shell:Creating prefix script '/home/lucky/Code/ros2/chapt2/install/local_setup.bash'
[4.225s] INFO:colcon.colcon_core.shell:Creating prefix chain script '/home/lucky/Code/ros2/chapt2/install/setup.bash'
[4.225s] INFO:colcon.colcon_core.shell:Creating prefix script '/home/lucky/Code/ros2/chapt2/install/local_setup.zsh'
[4.225s] INFO:colcon.colcon_core.shell:Creating prefix chain script '/home/lucky/Code/ros2/chapt2/install/setup.zsh'
