[0.529s] Invoking command in '/home/lucky/Code/ros2/chapt2/src/demo_python_pkg': AMENT_PREFIX_PATH=/home/lucky/Code/ros2/chapt2/install/demo_cpp_pkg:${AMENT_PREFIX_PATH} CMAKE_PREFIX_PATH=/home/lucky/Code/ros2/chapt2/install/demo_cpp_pkg PYTHONPATH=/home/lucky/Code/ros2/chapt2/build/demo_python_pkg/prefix_override:/usr/lib/python3/dist-packages/colcon_core/task/python/colcon_distutils_commands:/home/lucky/Code/ros2/chapt2/install/demo_python_pkg/lib/python3.10/site-packages:${PYTHONPATH} /usr/bin/python3 -W ignore:setup.py install is deprecated -W ignore:easy_install command is deprecated setup.py egg_info --egg-base ../../build/demo_python_pkg build --build-base /home/lucky/Code/ros2/chapt2/build/demo_python_pkg/build install --record /home/lucky/Code/ros2/chapt2/build/demo_python_pkg/install.log --single-version-externally-managed install_data
[0.643s] running egg_info
[0.643s] writing ../../build/demo_python_pkg/demo_python_pkg.egg-info/PKG-INFO
[0.645s] writing dependency_links to ../../build/demo_python_pkg/demo_python_pkg.egg-info/dependency_links.txt
[0.645s] writing entry points to ../../build/demo_python_pkg/demo_python_pkg.egg-info/entry_points.txt
[0.645s] writing requirements to ../../build/demo_python_pkg/demo_python_pkg.egg-info/requires.txt
[0.645s] writing top-level names to ../../build/demo_python_pkg/demo_python_pkg.egg-info/top_level.txt
[0.646s] reading manifest file '../../build/demo_python_pkg/demo_python_pkg.egg-info/SOURCES.txt'
[0.646s] adding license file 'LICENSE'
[0.647s] writing manifest file '../../build/demo_python_pkg/demo_python_pkg.egg-info/SOURCES.txt'
[0.647s] running build
[0.647s] running build_py
[0.647s] copying demo_python_pkg/learn_thread.py -> /home/lucky/Code/ros2/chapt2/build/demo_python_pkg/build/lib/demo_python_pkg
[0.648s] running install
[0.648s] running install_lib
[0.649s] copying /home/lucky/Code/ros2/chapt2/build/demo_python_pkg/build/lib/demo_python_pkg/learn_thread.py -> /home/lucky/Code/ros2/chapt2/install/demo_python_pkg/lib/python3.10/site-packages/demo_python_pkg
[0.649s] byte-compiling /home/lucky/Code/ros2/chapt2/install/demo_python_pkg/lib/python3.10/site-packages/demo_python_pkg/learn_thread.py to learn_thread.cpython-310.pyc
[0.649s] running install_data
[0.650s] running install_egg_info
[0.651s] removing '/home/lucky/Code/ros2/chapt2/install/demo_python_pkg/lib/python3.10/site-packages/demo_python_pkg-0.0.0-py3.10.egg-info' (and everything under it)
[0.651s] Copying ../../build/demo_python_pkg/demo_python_pkg.egg-info to /home/lucky/Code/ros2/chapt2/install/demo_python_pkg/lib/python3.10/site-packages/demo_python_pkg-0.0.0-py3.10.egg-info
[0.652s] running install_scripts
[0.665s] Installing learn_thread script to /home/lucky/Code/ros2/chapt2/install/demo_python_pkg/lib/demo_python_pkg
[0.666s] Installing person_node script to /home/lucky/Code/ros2/chapt2/install/demo_python_pkg/lib/demo_python_pkg
[0.666s] Installing python_node script to /home/lucky/Code/ros2/chapt2/install/demo_python_pkg/lib/demo_python_pkg
[0.666s] Installing writer_node script to /home/lucky/Code/ros2/chapt2/install/demo_python_pkg/lib/demo_python_pkg
[0.666s] writing list of installed files to '/home/lucky/Code/ros2/chapt2/build/demo_python_pkg/install.log'
[0.680s] Invoked command in '/home/lucky/Code/ros2/chapt2/src/demo_python_pkg' returned '0': AMENT_PREFIX_PATH=/home/lucky/Code/ros2/chapt2/install/demo_cpp_pkg:${AMENT_PREFIX_PATH} CMAKE_PREFIX_PATH=/home/lucky/Code/ros2/chapt2/install/demo_cpp_pkg PYTHONPATH=/home/lucky/Code/ros2/chapt2/build/demo_python_pkg/prefix_override:/usr/lib/python3/dist-packages/colcon_core/task/python/colcon_distutils_commands:/home/lucky/Code/ros2/chapt2/install/demo_python_pkg/lib/python3.10/site-packages:${PYTHONPATH} /usr/bin/python3 -W ignore:setup.py install is deprecated -W ignore:easy_install command is deprecated setup.py egg_info --egg-base ../../build/demo_python_pkg build --build-base /home/lucky/Code/ros2/chapt2/build/demo_python_pkg/build install --record /home/lucky/Code/ros2/chapt2/build/demo_python_pkg/install.log --single-version-externally-managed install_data
