[0.394s] Invoking command in '/home/lucky/Code/ros2/chapt2/src/demo_python_pkg': AMENT_PREFIX_PATH=/home/lucky/Code/ros2/chapt2/install/demo_cpp_pkg:${AMENT_PREFIX_PATH} CMAKE_PREFIX_PATH=/home/lucky/Code/ros2/chapt2/install/demo_cpp_pkg PYTHONPATH=/home/lucky/Code/ros2/chapt2/build/demo_python_pkg/prefix_override:/usr/lib/python3/dist-packages/colcon_core/task/python/colcon_distutils_commands:/home/lucky/Code/ros2/chapt2/install/demo_python_pkg/lib/python3.10/site-packages:${PYTHONPATH} /usr/bin/python3 -W ignore:setup.py install is deprecated -W ignore:easy_install command is deprecated setup.py egg_info --egg-base ../../build/demo_python_pkg build --build-base /home/lucky/Code/ros2/chapt2/build/demo_python_pkg/build install --record /home/lucky/Code/ros2/chapt2/build/demo_python_pkg/install.log --single-version-externally-managed install_data
[0.499s] running egg_info
[0.500s] writing ../../build/demo_python_pkg/demo_python_pkg.egg-info/PKG-INFO
[0.500s] writing dependency_links to ../../build/demo_python_pkg/demo_python_pkg.egg-info/dependency_links.txt
[0.500s] writing entry points to ../../build/demo_python_pkg/demo_python_pkg.egg-info/entry_points.txt
[0.500s] writing requirements to ../../build/demo_python_pkg/demo_python_pkg.egg-info/requires.txt
[0.500s] writing top-level names to ../../build/demo_python_pkg/demo_python_pkg.egg-info/top_level.txt
[0.501s] reading manifest file '../../build/demo_python_pkg/demo_python_pkg.egg-info/SOURCES.txt'
[0.501s] adding license file 'LICENSE'
[0.501s] writing manifest file '../../build/demo_python_pkg/demo_python_pkg.egg-info/SOURCES.txt'
[0.501s] running build
[0.501s] running build_py
[0.501s] copying demo_python_pkg/person_node.py -> /home/lucky/Code/ros2/chapt2/build/demo_python_pkg/build/lib/demo_python_pkg
[0.502s] running install
[0.502s] running install_lib
[0.502s] copying /home/lucky/Code/ros2/chapt2/build/demo_python_pkg/build/lib/demo_python_pkg/person_node.py -> /home/lucky/Code/ros2/chapt2/install/demo_python_pkg/lib/python3.10/site-packages/demo_python_pkg
[0.502s] byte-compiling /home/lucky/Code/ros2/chapt2/install/demo_python_pkg/lib/python3.10/site-packages/demo_python_pkg/person_node.py to person_node.cpython-310.pyc
[0.503s] running install_data
[0.503s] error: can't copy 'resource/demo_python_pkg': doesn't exist or not a regular file
[0.512s] Invoked command in '/home/lucky/Code/ros2/chapt2/src/demo_python_pkg' returned '1': AMENT_PREFIX_PATH=/home/lucky/Code/ros2/chapt2/install/demo_cpp_pkg:${AMENT_PREFIX_PATH} CMAKE_PREFIX_PATH=/home/lucky/Code/ros2/chapt2/install/demo_cpp_pkg PYTHONPATH=/home/lucky/Code/ros2/chapt2/build/demo_python_pkg/prefix_override:/usr/lib/python3/dist-packages/colcon_core/task/python/colcon_distutils_commands:/home/lucky/Code/ros2/chapt2/install/demo_python_pkg/lib/python3.10/site-packages:${PYTHONPATH} /usr/bin/python3 -W ignore:setup.py install is deprecated -W ignore:easy_install command is deprecated setup.py egg_info --egg-base ../../build/demo_python_pkg build --build-base /home/lucky/Code/ros2/chapt2/build/demo_python_pkg/build install --record /home/lucky/Code/ros2/chapt2/build/demo_python_pkg/install.log --single-version-externally-managed install_data
