[0.351s] Invoking command in '/home/lucky/Code/ros2/chapt2/src/demo_python_pkg': PYTHONPATH=/home/lucky/Code/ros2/chapt2/build/demo_python_pkg/prefix_override:/usr/lib/python3/dist-packages/colcon_core/task/python/colcon_distutils_commands:/home/lucky/Code/ros2/chapt2/install/demo_python_pkg/lib/python3.10/site-packages:${PYTHONPATH} /usr/bin/python3 -W ignore:setup.py install is deprecated -W ignore:easy_install command is deprecated setup.py egg_info --egg-base ../../build/demo_python_pkg build --build-base /home/lucky/Code/ros2/chapt2/build/demo_python_pkg/build install --record /home/lucky/Code/ros2/chapt2/build/demo_python_pkg/install.log --single-version-externally-managed install_data
[0.478s] running egg_info
[0.478s] creating ../../build/demo_python_pkg/demo_python_pkg.egg-info
[0.479s] writing ../../build/demo_python_pkg/demo_python_pkg.egg-info/PKG-INFO
[0.479s] writing dependency_links to ../../build/demo_python_pkg/demo_python_pkg.egg-info/dependency_links.txt
[0.479s] writing entry points to ../../build/demo_python_pkg/demo_python_pkg.egg-info/entry_points.txt
[0.479s] writing requirements to ../../build/demo_python_pkg/demo_python_pkg.egg-info/requires.txt
[0.479s] writing top-level names to ../../build/demo_python_pkg/demo_python_pkg.egg-info/top_level.txt
[0.479s] writing manifest file '../../build/demo_python_pkg/demo_python_pkg.egg-info/SOURCES.txt'
[0.480s] reading manifest file '../../build/demo_python_pkg/demo_python_pkg.egg-info/SOURCES.txt'
[0.480s] adding license file 'LICENSE'
[0.480s] writing manifest file '../../build/demo_python_pkg/demo_python_pkg.egg-info/SOURCES.txt'
[0.480s] running build
[0.481s] running build_py
[0.481s] creating /home/lucky/Code/ros2/chapt2/build/demo_python_pkg/build
[0.481s] creating /home/lucky/Code/ros2/chapt2/build/demo_python_pkg/build/lib
[0.481s] creating /home/lucky/Code/ros2/chapt2/build/demo_python_pkg/build/lib/demo_python_pkg
[0.481s] copying demo_python_pkg/python_node.py -> /home/lucky/Code/ros2/chapt2/build/demo_python_pkg/build/lib/demo_python_pkg
[0.481s] copying demo_python_pkg/__init__.py -> /home/lucky/Code/ros2/chapt2/build/demo_python_pkg/build/lib/demo_python_pkg
[0.481s] running install
[0.482s] running install_lib
[0.482s] creating /home/lucky/Code/ros2/chapt2/install/demo_python_pkg/lib/python3.10/site-packages/demo_python_pkg
[0.482s] copying /home/lucky/Code/ros2/chapt2/build/demo_python_pkg/build/lib/demo_python_pkg/python_node.py -> /home/lucky/Code/ros2/chapt2/install/demo_python_pkg/lib/python3.10/site-packages/demo_python_pkg
[0.482s] copying /home/lucky/Code/ros2/chapt2/build/demo_python_pkg/build/lib/demo_python_pkg/__init__.py -> /home/lucky/Code/ros2/chapt2/install/demo_python_pkg/lib/python3.10/site-packages/demo_python_pkg
[0.483s] byte-compiling /home/lucky/Code/ros2/chapt2/install/demo_python_pkg/lib/python3.10/site-packages/demo_python_pkg/python_node.py to python_node.cpython-310.pyc
[0.483s] byte-compiling /home/lucky/Code/ros2/chapt2/install/demo_python_pkg/lib/python3.10/site-packages/demo_python_pkg/__init__.py to __init__.cpython-310.pyc
[0.483s] running install_data
[0.483s] creating /home/lucky/Code/ros2/chapt2/install/demo_python_pkg/share/ament_index
[0.483s] creating /home/lucky/Code/ros2/chapt2/install/demo_python_pkg/share/ament_index/resource_index
[0.483s] creating /home/lucky/Code/ros2/chapt2/install/demo_python_pkg/share/ament_index/resource_index/packages
[0.483s] copying resource/demo_python_pkg -> /home/lucky/Code/ros2/chapt2/install/demo_python_pkg/share/ament_index/resource_index/packages
[0.484s] copying package.xml -> /home/lucky/Code/ros2/chapt2/install/demo_python_pkg/share/demo_python_pkg
[0.484s] running install_egg_info
[0.485s] Copying ../../build/demo_python_pkg/demo_python_pkg.egg-info to /home/lucky/Code/ros2/chapt2/install/demo_python_pkg/lib/python3.10/site-packages/demo_python_pkg-0.0.0-py3.10.egg-info
[0.486s] running install_scripts
[0.498s] Installing python_node script to /home/lucky/Code/ros2/chapt2/install/demo_python_pkg/lib/demo_python_pkg
[0.499s] writing list of installed files to '/home/lucky/Code/ros2/chapt2/build/demo_python_pkg/install.log'
[0.515s] Invoked command in '/home/lucky/Code/ros2/chapt2/src/demo_python_pkg' returned '0': PYTHONPATH=/home/lucky/Code/ros2/chapt2/build/demo_python_pkg/prefix_override:/usr/lib/python3/dist-packages/colcon_core/task/python/colcon_distutils_commands:/home/lucky/Code/ros2/chapt2/install/demo_python_pkg/lib/python3.10/site-packages:${PYTHONPATH} /usr/bin/python3 -W ignore:setup.py install is deprecated -W ignore:easy_install command is deprecated setup.py egg_info --egg-base ../../build/demo_python_pkg build --build-base /home/lucky/Code/ros2/chapt2/build/demo_python_pkg/build install --record /home/lucky/Code/ros2/chapt2/build/demo_python_pkg/install.log --single-version-externally-managed install_data
