[0.020s] Invoking command in '/home/lucky/Code/ros2/chapt2/build/demo_cpp_pkg': CMAKE_PREFIX_PATH=${CMAKE_PREFIX_PATH}:/home/lucky/Code/ros2/chapt2/install/demo_python_pkg:/opt/ros/humble /usr/bin/cmake --build /home/lucky/Code/ros2/chapt2/build/demo_cpp_pkg -- -j20 -l20
[0.076s] [35m[1mConsolidate compiler generated dependencies of target person_node[0m
[0.084s] [ 50%] Built target cpp_node
[0.084s] [100%] Built target person_node
[0.090s] Invoked command in '/home/lucky/Code/ros2/chapt2/build/demo_cpp_pkg' returned '0': CMAKE_PREFIX_PATH=${CMAKE_PREFIX_PATH}:/home/lucky/Code/ros2/chapt2/install/demo_python_pkg:/opt/ros/humble /usr/bin/cmake --build /home/lucky/Code/ros2/chapt2/build/demo_cpp_pkg -- -j20 -l20
[0.096s] Invoking command in '/home/lucky/Code/ros2/chapt2/build/demo_cpp_pkg': CMAKE_PREFIX_PATH=${CMAKE_PREFIX_PATH}:/home/lucky/Code/ros2/chapt2/install/demo_python_pkg:/opt/ros/humble /usr/bin/cmake --install /home/lucky/Code/ros2/chapt2/build/demo_cpp_pkg
[0.100s] -- Install configuration: ""
[0.104s] -- Up-to-date: /home/lucky/Code/ros2/chapt2/install/demo_cpp_pkg/lib/{PROJECT_NAME}/cpp_node
[0.105s] -- Up-to-date: /home/lucky/Code/ros2/chapt2/install/demo_cpp_pkg/lib/{PROJECT_NAME}/person_node
[0.105s] -- Up-to-date: /home/lucky/Code/ros2/chapt2/install/demo_cpp_pkg/share/ament_index/resource_index/package_run_dependencies/demo_cpp_pkg
[0.106s] -- Up-to-date: /home/lucky/Code/ros2/chapt2/install/demo_cpp_pkg/share/ament_index/resource_index/parent_prefix_path/demo_cpp_pkg
[0.106s] -- Up-to-date: /home/lucky/Code/ros2/chapt2/install/demo_cpp_pkg/share/demo_cpp_pkg/environment/ament_prefix_path.sh
[0.106s] -- Up-to-date: /home/lucky/Code/ros2/chapt2/install/demo_cpp_pkg/share/demo_cpp_pkg/environment/ament_prefix_path.dsv
[0.106s] -- Up-to-date: /home/lucky/Code/ros2/chapt2/install/demo_cpp_pkg/share/demo_cpp_pkg/environment/path.sh
[0.106s] -- Up-to-date: /home/lucky/Code/ros2/chapt2/install/demo_cpp_pkg/share/demo_cpp_pkg/environment/path.dsv
[0.106s] -- Up-to-date: /home/lucky/Code/ros2/chapt2/install/demo_cpp_pkg/share/demo_cpp_pkg/local_setup.bash
[0.106s] -- Up-to-date: /home/lucky/Code/ros2/chapt2/install/demo_cpp_pkg/share/demo_cpp_pkg/local_setup.sh
[0.106s] -- Up-to-date: /home/lucky/Code/ros2/chapt2/install/demo_cpp_pkg/share/demo_cpp_pkg/local_setup.zsh
[0.106s] -- Up-to-date: /home/lucky/Code/ros2/chapt2/install/demo_cpp_pkg/share/demo_cpp_pkg/local_setup.dsv
[0.106s] -- Installing: /home/lucky/Code/ros2/chapt2/install/demo_cpp_pkg/share/demo_cpp_pkg/package.dsv
[0.106s] -- Up-to-date: /home/lucky/Code/ros2/chapt2/install/demo_cpp_pkg/share/ament_index/resource_index/packages/demo_cpp_pkg
[0.107s] -- Up-to-date: /home/lucky/Code/ros2/chapt2/install/demo_cpp_pkg/share/demo_cpp_pkg/cmake/demo_cpp_pkgConfig.cmake
[0.107s] -- Up-to-date: /home/lucky/Code/ros2/chapt2/install/demo_cpp_pkg/share/demo_cpp_pkg/cmake/demo_cpp_pkgConfig-version.cmake
[0.107s] -- Up-to-date: /home/lucky/Code/ros2/chapt2/install/demo_cpp_pkg/share/demo_cpp_pkg/package.xml
[0.108s] Invoked command in '/home/lucky/Code/ros2/chapt2/build/demo_cpp_pkg' returned '0': CMAKE_PREFIX_PATH=${CMAKE_PREFIX_PATH}:/home/lucky/Code/ros2/chapt2/install/demo_python_pkg:/opt/ros/humble /usr/bin/cmake --install /home/lucky/Code/ros2/chapt2/build/demo_cpp_pkg
