[0.306s] Invoking command in '/home/lucky/Code/ros2/chapt3/src/demo_python_topic': PYTHONPATH=/home/lucky/Code/ros2/chapt3/build/demo_python_topic/prefix_override:/usr/lib/python3/dist-packages/colcon_core/task/python/colcon_distutils_commands:/home/lucky/Code/ros2/chapt3/install/demo_python_topic/lib/python3.10/site-packages:${PYTHONPATH} /usr/bin/python3 -W ignore:setup.py install is deprecated -W ignore:easy_install command is deprecated setup.py egg_info --egg-base ../../build/demo_python_topic build --build-base /home/lucky/Code/ros2/chapt3/build/demo_python_topic/build install --record /home/lucky/Code/ros2/chapt3/build/demo_python_topic/install.log --single-version-externally-managed install_data
[0.413s] running egg_info
[0.413s] writing ../../build/demo_python_topic/demo_python_topic.egg-info/PKG-INFO
[0.413s] writing dependency_links to ../../build/demo_python_topic/demo_python_topic.egg-info/dependency_links.txt
[0.414s] writing entry points to ../../build/demo_python_topic/demo_python_topic.egg-info/entry_points.txt
[0.414s] writing requirements to ../../build/demo_python_topic/demo_python_topic.egg-info/requires.txt
[0.414s] writing top-level names to ../../build/demo_python_topic/demo_python_topic.egg-info/top_level.txt
[0.415s] reading manifest file '../../build/demo_python_topic/demo_python_topic.egg-info/SOURCES.txt'
[0.415s] adding license file 'LICENSE'
[0.415s] writing manifest file '../../build/demo_python_topic/demo_python_topic.egg-info/SOURCES.txt'
[0.415s] running build
[0.415s] running build_py
[0.416s] copying demo_python_topic/novel_pub_node.py -> /home/lucky/Code/ros2/chapt3/build/demo_python_topic/build/lib/demo_python_topic
[0.416s] running install
[0.416s] running install_lib
[0.416s] copying /home/lucky/Code/ros2/chapt3/build/demo_python_topic/build/lib/demo_python_topic/novel_pub_node.py -> /home/lucky/Code/ros2/chapt3/install/demo_python_topic/lib/python3.10/site-packages/demo_python_topic
[0.417s] byte-compiling /home/lucky/Code/ros2/chapt3/install/demo_python_topic/lib/python3.10/site-packages/demo_python_topic/novel_pub_node.py to novel_pub_node.cpython-310.pyc
[0.417s] running install_data
[0.417s] running install_egg_info
[0.418s] removing '/home/lucky/Code/ros2/chapt3/install/demo_python_topic/lib/python3.10/site-packages/demo_python_topic-0.0.0-py3.10.egg-info' (and everything under it)
[0.418s] Copying ../../build/demo_python_topic/demo_python_topic.egg-info to /home/lucky/Code/ros2/chapt3/install/demo_python_topic/lib/python3.10/site-packages/demo_python_topic-0.0.0-py3.10.egg-info
[0.419s] running install_scripts
[0.430s] Installing novel_pub_node script to /home/lucky/Code/ros2/chapt3/install/demo_python_topic/lib/demo_python_topic
[0.430s] writing list of installed files to '/home/lucky/Code/ros2/chapt3/build/demo_python_topic/install.log'
[0.443s] Invoked command in '/home/lucky/Code/ros2/chapt3/src/demo_python_topic' returned '0': PYTHONPATH=/home/lucky/Code/ros2/chapt3/build/demo_python_topic/prefix_override:/usr/lib/python3/dist-packages/colcon_core/task/python/colcon_distutils_commands:/home/lucky/Code/ros2/chapt3/install/demo_python_topic/lib/python3.10/site-packages:${PYTHONPATH} /usr/bin/python3 -W ignore:setup.py install is deprecated -W ignore:easy_install command is deprecated setup.py egg_info --egg-base ../../build/demo_python_topic build --build-base /home/lucky/Code/ros2/chapt3/build/demo_python_topic/build install --record /home/lucky/Code/ros2/chapt3/build/demo_python_topic/install.log --single-version-externally-managed install_data
