[35m[1mConsolidate compiler generated dependencies of target cpp_node[0m
[ 50%] [32mBuilding CXX object CMakeFiles/cpp_node.dir/src/cpp_node.cpp.o[0m
[100%] [32m[1mLinking CXX executable cpp_node[0m
[100%] Built target cpp_node
-- Install configuration: ""
-- Installing: /home/lucky/Code/ros2/cpp/demo_cpp_pkg/install/demo_cpp_pkg/lib/{PROJECT_NAME}/cpp_node
-- Set runtime path of "/home/lucky/Code/ros2/cpp/demo_cpp_pkg/install/demo_cpp_pkg/lib/{PROJECT_NAME}/cpp_node" to ""
-- Installing: /home/lucky/Code/ros2/cpp/demo_cpp_pkg/install/demo_cpp_pkg/share/ament_index/resource_index/package_run_dependencies/demo_cpp_pkg
-- Installing: /home/lucky/Code/ros2/cpp/demo_cpp_pkg/install/demo_cpp_pkg/share/ament_index/resource_index/parent_prefix_path/demo_cpp_pkg
-- Installing: /home/lucky/Code/ros2/cpp/demo_cpp_pkg/install/demo_cpp_pkg/share/demo_cpp_pkg/environment/ament_prefix_path.sh
-- Installing: /home/lucky/Code/ros2/cpp/demo_cpp_pkg/install/demo_cpp_pkg/share/demo_cpp_pkg/environment/ament_prefix_path.dsv
-- Installing: /home/lucky/Code/ros2/cpp/demo_cpp_pkg/install/demo_cpp_pkg/share/demo_cpp_pkg/environment/path.sh
-- Installing: /home/lucky/Code/ros2/cpp/demo_cpp_pkg/install/demo_cpp_pkg/share/demo_cpp_pkg/environment/path.dsv
-- Installing: /home/lucky/Code/ros2/cpp/demo_cpp_pkg/install/demo_cpp_pkg/share/demo_cpp_pkg/local_setup.bash
-- Installing: /home/lucky/Code/ros2/cpp/demo_cpp_pkg/install/demo_cpp_pkg/share/demo_cpp_pkg/local_setup.sh
-- Installing: /home/lucky/Code/ros2/cpp/demo_cpp_pkg/install/demo_cpp_pkg/share/demo_cpp_pkg/local_setup.zsh
-- Installing: /home/lucky/Code/ros2/cpp/demo_cpp_pkg/install/demo_cpp_pkg/share/demo_cpp_pkg/local_setup.dsv
-- Installing: /home/lucky/Code/ros2/cpp/demo_cpp_pkg/install/demo_cpp_pkg/share/demo_cpp_pkg/package.dsv
-- Installing: /home/lucky/Code/ros2/cpp/demo_cpp_pkg/install/demo_cpp_pkg/share/ament_index/resource_index/packages/demo_cpp_pkg
-- Installing: /home/lucky/Code/ros2/cpp/demo_cpp_pkg/install/demo_cpp_pkg/share/demo_cpp_pkg/cmake/demo_cpp_pkgConfig.cmake
-- Installing: /home/lucky/Code/ros2/cpp/demo_cpp_pkg/install/demo_cpp_pkg/share/demo_cpp_pkg/cmake/demo_cpp_pkgConfig-version.cmake
-- Installing: /home/lucky/Code/ros2/cpp/demo_cpp_pkg/install/demo_cpp_pkg/share/demo_cpp_pkg/package.xml
