[0.444s] Invoking command in '/home/lucky/Code/ros2/chapt2/src/demo_python_pkg': PYTHONPATH=/home/lucky/Code/ros2/chapt2/build/demo_python_pkg/prefix_override:/usr/lib/python3/dist-packages/colcon_core/task/python/colcon_distutils_commands:/home/lucky/Code/ros2/chapt2/install/demo_python_pkg/lib/python3.10/site-packages:${PYTHONPATH} /usr/bin/python3 -W ignore:setup.py install is deprecated -W ignore:easy_install command is deprecated setup.py egg_info --egg-base ../../build/demo_python_pkg build --build-base /home/lucky/Code/ros2/chapt2/build/demo_python_pkg/build install --record /home/lucky/Code/ros2/chapt2/build/demo_python_pkg/install.log --single-version-externally-managed install_data
[0.562s] running egg_info
[0.562s] writing ../../build/demo_python_pkg/demo_python_pkg.egg-info/PKG-INFO
[0.562s] writing dependency_links to ../../build/demo_python_pkg/demo_python_pkg.egg-info/dependency_links.txt
[0.562s] writing entry points to ../../build/demo_python_pkg/demo_python_pkg.egg-info/entry_points.txt
[0.563s] writing requirements to ../../build/demo_python_pkg/demo_python_pkg.egg-info/requires.txt
[0.563s] writing top-level names to ../../build/demo_python_pkg/demo_python_pkg.egg-info/top_level.txt
[0.563s] reading manifest file '../../build/demo_python_pkg/demo_python_pkg.egg-info/SOURCES.txt'
[0.563s] adding license file 'LICENSE'
[0.564s] writing manifest file '../../build/demo_python_pkg/demo_python_pkg.egg-info/SOURCES.txt'
[0.564s] running build
[0.564s] running build_py
[0.564s] copying demo_python_pkg/person_node.py -> /home/lucky/Code/ros2/chapt2/build/demo_python_pkg/build/lib/demo_python_pkg
[0.564s] running install
[0.564s] running install_lib
[0.565s] copying /home/lucky/Code/ros2/chapt2/build/demo_python_pkg/build/lib/demo_python_pkg/person_node.py -> /home/lucky/Code/ros2/chapt2/install/demo_python_pkg/lib/python3.10/site-packages/demo_python_pkg
[0.565s] byte-compiling /home/lucky/Code/ros2/chapt2/install/demo_python_pkg/lib/python3.10/site-packages/demo_python_pkg/person_node.py to person_node.cpython-310.pyc
[0.565s] running install_data
[0.565s] running install_egg_info
[0.566s] removing '/home/lucky/Code/ros2/chapt2/install/demo_python_pkg/lib/python3.10/site-packages/demo_python_pkg-0.0.0-py3.10.egg-info' (and everything under it)
[0.566s] Copying ../../build/demo_python_pkg/demo_python_pkg.egg-info to /home/lucky/Code/ros2/chapt2/install/demo_python_pkg/lib/python3.10/site-packages/demo_python_pkg-0.0.0-py3.10.egg-info
[0.567s] running install_scripts
[0.578s] Installing person_node script to /home/lucky/Code/ros2/chapt2/install/demo_python_pkg/lib/demo_python_pkg
[0.578s] Installing python_node script to /home/lucky/Code/ros2/chapt2/install/demo_python_pkg/lib/demo_python_pkg
[0.578s] writing list of installed files to '/home/lucky/Code/ros2/chapt2/build/demo_python_pkg/install.log'
[0.590s] Invoked command in '/home/lucky/Code/ros2/chapt2/src/demo_python_pkg' returned '0': PYTHONPATH=/home/lucky/Code/ros2/chapt2/build/demo_python_pkg/prefix_override:/usr/lib/python3/dist-packages/colcon_core/task/python/colcon_distutils_commands:/home/lucky/Code/ros2/chapt2/install/demo_python_pkg/lib/python3.10/site-packages:${PYTHONPATH} /usr/bin/python3 -W ignore:setup.py install is deprecated -W ignore:easy_install command is deprecated setup.py egg_info --egg-base ../../build/demo_python_pkg build --build-base /home/lucky/Code/ros2/chapt2/build/demo_python_pkg/build install --record /home/lucky/Code/ros2/chapt2/build/demo_python_pkg/install.log --single-version-externally-managed install_data
