[0.019s] Invoking command in '/home/lucky/Code/ros2/chapt2/build/demo_cpp_pkg': CMAKE_PREFIX_PATH=${CMAKE_PREFIX_PATH}:/home/lucky/Code/ros2/chapt2/install/demo_python_pkg:/opt/ros/humble /usr/bin/cmake --build /home/lucky/Code/ros2/chapt2/build/demo_cpp_pkg -- -j20 -l20
[0.076s] [35m[1mConsolidate compiler generated dependencies of target learn_thread[0m
[0.083s] [ 33%] Built target person_node
[0.083s] [ 66%] Built target cpp_node
[0.085s] [ 83%] [32mBuilding CXX object CMakeFiles/learn_thread.dir/src/learn_thread.cpp.o[0m
[3.272s] [100%] [32m[1mLinking CXX executable learn_thread[0m
[3.471s] [100%] Built target learn_thread
[3.478s] Invoked command in '/home/lucky/Code/ros2/chapt2/build/demo_cpp_pkg' returned '0': CMAKE_PREFIX_PATH=${CMAKE_PREFIX_PATH}:/home/lucky/Code/ros2/chapt2/install/demo_python_pkg:/opt/ros/humble /usr/bin/cmake --build /home/lucky/Code/ros2/chapt2/build/demo_cpp_pkg -- -j20 -l20
[3.485s] Invoking command in '/home/lucky/Code/ros2/chapt2/build/demo_cpp_pkg': CMAKE_PREFIX_PATH=${CMAKE_PREFIX_PATH}:/home/lucky/Code/ros2/chapt2/install/demo_python_pkg:/opt/ros/humble /usr/bin/cmake --install /home/lucky/Code/ros2/chapt2/build/demo_cpp_pkg
[3.489s] -- Install configuration: ""
[3.489s] -- Up-to-date: /home/lucky/Code/ros2/chapt2/install/demo_cpp_pkg/lib/demo_cpp_pkg/cpp_node
[3.490s] -- Up-to-date: /home/lucky/Code/ros2/chapt2/install/demo_cpp_pkg/lib/demo_cpp_pkg/person_node
[3.490s] -- Installing: /home/lucky/Code/ros2/chapt2/install/demo_cpp_pkg/lib/demo_cpp_pkg/learn_thread
[3.491s] -- Set runtime path of "/home/lucky/Code/ros2/chapt2/install/demo_cpp_pkg/lib/demo_cpp_pkg/learn_thread" to ""
[3.492s] -- Up-to-date: /home/lucky/Code/ros2/chapt2/install/demo_cpp_pkg/share/ament_index/resource_index/package_run_dependencies/demo_cpp_pkg
[3.492s] -- Up-to-date: /home/lucky/Code/ros2/chapt2/install/demo_cpp_pkg/share/ament_index/resource_index/parent_prefix_path/demo_cpp_pkg
[3.492s] -- Up-to-date: /home/lucky/Code/ros2/chapt2/install/demo_cpp_pkg/share/demo_cpp_pkg/environment/ament_prefix_path.sh
[3.492s] -- Up-to-date: /home/lucky/Code/ros2/chapt2/install/demo_cpp_pkg/share/demo_cpp_pkg/environment/ament_prefix_path.dsv
[3.493s] -- Up-to-date: /home/lucky/Code/ros2/chapt2/install/demo_cpp_pkg/share/demo_cpp_pkg/environment/path.sh
[3.493s] -- Up-to-date: /home/lucky/Code/ros2/chapt2/install/demo_cpp_pkg/share/demo_cpp_pkg/environment/path.dsv
[3.493s] -- Up-to-date: /home/lucky/Code/ros2/chapt2/install/demo_cpp_pkg/share/demo_cpp_pkg/local_setup.bash
[3.493s] -- Up-to-date: /home/lucky/Code/ros2/chapt2/install/demo_cpp_pkg/share/demo_cpp_pkg/local_setup.sh
[3.493s] -- Up-to-date: /home/lucky/Code/ros2/chapt2/install/demo_cpp_pkg/share/demo_cpp_pkg/local_setup.zsh
[3.493s] -- Up-to-date: /home/lucky/Code/ros2/chapt2/install/demo_cpp_pkg/share/demo_cpp_pkg/local_setup.dsv
[3.493s] -- Installing: /home/lucky/Code/ros2/chapt2/install/demo_cpp_pkg/share/demo_cpp_pkg/package.dsv
[3.493s] -- Up-to-date: /home/lucky/Code/ros2/chapt2/install/demo_cpp_pkg/share/ament_index/resource_index/packages/demo_cpp_pkg
[3.493s] -- Up-to-date: /home/lucky/Code/ros2/chapt2/install/demo_cpp_pkg/share/demo_cpp_pkg/cmake/demo_cpp_pkgConfig.cmake
[3.493s] -- Up-to-date: /home/lucky/Code/ros2/chapt2/install/demo_cpp_pkg/share/demo_cpp_pkg/cmake/demo_cpp_pkgConfig-version.cmake
[3.493s] -- Up-to-date: /home/lucky/Code/ros2/chapt2/install/demo_cpp_pkg/share/demo_cpp_pkg/package.xml
[3.495s] Invoked command in '/home/lucky/Code/ros2/chapt2/build/demo_cpp_pkg' returned '0': CMAKE_PREFIX_PATH=${CMAKE_PREFIX_PATH}:/home/lucky/Code/ros2/chapt2/install/demo_python_pkg:/opt/ros/humble /usr/bin/cmake --install /home/lucky/Code/ros2/chapt2/build/demo_cpp_pkg
