[0.008s] Invoking command in '/home/lucky/Code/ros2/chapt2/build/demo_cpp_pkg': CMAKE_PREFIX_PATH=${CMAKE_PREFIX_PATH}:/home/lucky/Code/ros2/chapt2/install/demo_python_pkg:/opt/ros/humble /usr/bin/cmake --build /home/lucky/Code/ros2/chapt2/build/demo_cpp_pkg -- -j20 -l20
[0.028s] -- Found ament_cmake: 1.3.12 (/opt/ros/humble/share/ament_cmake/cmake)
[0.128s] -- Found rclcpp: 16.0.16 (/opt/ros/humble/share/rclcpp/cmake)
[0.338s] -- Found rosidl_generator_c: 3.1.7 (/opt/ros/humble/share/rosidl_generator_c/cmake)
[0.340s] -- Found rosidl_adapter: 3.1.7 (/opt/ros/humble/share/rosidl_adapter/cmake)
[0.346s] -- Found rosidl_generator_cpp: 3.1.7 (/opt/ros/humble/share/rosidl_generator_cpp/cmake)
[0.354s] -- Using all available rosidl_typesupport_c: rosidl_typesupport_fastrtps_c;rosidl_typesupport_introspection_c
[0.366s] -- Using all available rosidl_typesupport_cpp: rosidl_typesupport_fastrtps_cpp;rosidl_typesupport_introspection_cpp
[0.393s] -- Found rmw_implementation_cmake: 6.1.2 (/opt/ros/humble/share/rmw_implementation_cmake/cmake)
[0.395s] -- Found rmw_fastrtps_cpp: 6.2.9 (/opt/ros/humble/share/rmw_fastrtps_cpp/cmake)
[7.542s] -- Using RMW implementation 'rmw_fastrtps_cpp' as default
[7.582s] -- Found ament_lint_auto: 0.12.14 (/opt/ros/humble/share/ament_lint_auto/cmake)
[7.642s] -- Added test 'cppcheck' to perform static code analysis on C / C++ code
[7.642s] -- Configured cppcheck include dirs: 
[7.642s] -- Configured cppcheck exclude dirs and/or files: 
[7.643s] -- Added test 'flake8' to check Python code syntax and style conventions
[7.644s] -- Added test 'lint_cmake' to check CMake code style
[7.645s] -- Added test 'pep257' to check Python code against some of the docstring style conventions in PEP 257
[7.649s] -- Added test 'uncrustify' to check C / C++ code style
[7.649s] -- Configured uncrustify additional arguments: 
[7.649s] -- Added test 'xmllint' to check XML markup files
[7.651s] -- Configuring done
[7.658s] -- Generating done
[7.660s] -- Build files have been written to: /home/lucky/Code/ros2/chapt2/build/demo_cpp_pkg
[7.674s] [35m[1mConsolidate compiler generated dependencies of target person_node[0m
[7.675s] [35m[1mConsolidate compiler generated dependencies of target cpp_node[0m
[7.683s] [100%] Built target cpp_node
[7.683s] [100%] Built target person_node
[7.689s] Invoked command in '/home/lucky/Code/ros2/chapt2/build/demo_cpp_pkg' returned '0': CMAKE_PREFIX_PATH=${CMAKE_PREFIX_PATH}:/home/lucky/Code/ros2/chapt2/install/demo_python_pkg:/opt/ros/humble /usr/bin/cmake --build /home/lucky/Code/ros2/chapt2/build/demo_cpp_pkg -- -j20 -l20
[7.694s] Invoking command in '/home/lucky/Code/ros2/chapt2/build/demo_cpp_pkg': CMAKE_PREFIX_PATH=${CMAKE_PREFIX_PATH}:/home/lucky/Code/ros2/chapt2/install/demo_python_pkg:/opt/ros/humble /usr/bin/cmake --install /home/lucky/Code/ros2/chapt2/build/demo_cpp_pkg
[7.698s] -- Install configuration: ""
[7.698s] -- Installing: /home/lucky/Code/ros2/chapt2/install/demo_cpp_pkg/lib/demo_cpp_pkg/cpp_node
[7.699s] -- Set runtime path of "/home/lucky/Code/ros2/chapt2/install/demo_cpp_pkg/lib/demo_cpp_pkg/cpp_node" to ""
[7.699s] -- Installing: /home/lucky/Code/ros2/chapt2/install/demo_cpp_pkg/lib/demo_cpp_pkg/person_node
[7.700s] -- Set runtime path of "/home/lucky/Code/ros2/chapt2/install/demo_cpp_pkg/lib/demo_cpp_pkg/person_node" to ""
[7.700s] -- Up-to-date: /home/lucky/Code/ros2/chapt2/install/demo_cpp_pkg/share/ament_index/resource_index/package_run_dependencies/demo_cpp_pkg
[7.700s] -- Installing: /home/lucky/Code/ros2/chapt2/install/demo_cpp_pkg/share/ament_index/resource_index/parent_prefix_path/demo_cpp_pkg
[7.700s] -- Up-to-date: /home/lucky/Code/ros2/chapt2/install/demo_cpp_pkg/share/demo_cpp_pkg/environment/ament_prefix_path.sh
[7.700s] -- Installing: /home/lucky/Code/ros2/chapt2/install/demo_cpp_pkg/share/demo_cpp_pkg/environment/ament_prefix_path.dsv
[7.700s] -- Up-to-date: /home/lucky/Code/ros2/chapt2/install/demo_cpp_pkg/share/demo_cpp_pkg/environment/path.sh
[7.700s] -- Installing: /home/lucky/Code/ros2/chapt2/install/demo_cpp_pkg/share/demo_cpp_pkg/environment/path.dsv
[7.701s] -- Up-to-date: /home/lucky/Code/ros2/chapt2/install/demo_cpp_pkg/share/demo_cpp_pkg/local_setup.bash
[7.701s] -- Up-to-date: /home/lucky/Code/ros2/chapt2/install/demo_cpp_pkg/share/demo_cpp_pkg/local_setup.sh
[7.701s] -- Up-to-date: /home/lucky/Code/ros2/chapt2/install/demo_cpp_pkg/share/demo_cpp_pkg/local_setup.zsh
[7.701s] -- Installing: /home/lucky/Code/ros2/chapt2/install/demo_cpp_pkg/share/demo_cpp_pkg/local_setup.dsv
[7.701s] -- Installing: /home/lucky/Code/ros2/chapt2/install/demo_cpp_pkg/share/demo_cpp_pkg/package.dsv
[7.701s] -- Up-to-date: /home/lucky/Code/ros2/chapt2/install/demo_cpp_pkg/share/ament_index/resource_index/packages/demo_cpp_pkg
[7.701s] -- Up-to-date: /home/lucky/Code/ros2/chapt2/install/demo_cpp_pkg/share/demo_cpp_pkg/cmake/demo_cpp_pkgConfig.cmake
[7.701s] -- Up-to-date: /home/lucky/Code/ros2/chapt2/install/demo_cpp_pkg/share/demo_cpp_pkg/cmake/demo_cpp_pkgConfig-version.cmake
[7.701s] -- Up-to-date: /home/lucky/Code/ros2/chapt2/install/demo_cpp_pkg/share/demo_cpp_pkg/package.xml
[7.701s] Invoked command in '/home/lucky/Code/ros2/chapt2/build/demo_cpp_pkg' returned '0': CMAKE_PREFIX_PATH=${CMAKE_PREFIX_PATH}:/home/lucky/Code/ros2/chapt2/install/demo_python_pkg:/opt/ros/humble /usr/bin/cmake --install /home/lucky/Code/ros2/chapt2/build/demo_cpp_pkg
