[0.015s] Invoking command in '/home/lucky/Code/ros2/chapt2/build/demo_cpp_pkg': CMAKE_PREFIX_PATH=/home/lucky/Code/ros2/python/demo_python_pkg/install/demo_python_pkg:/opt/ros/humble /usr/bin/cmake /home/lucky/Code/ros2/chapt2/src/demo_cpp_pkg -DCMAKE_INSTALL_PREFIX=/home/lucky/Code/ros2/chapt2/install/demo_cpp_pkg
[0.166s] -- The C compiler identification is GNU 11.4.0
[0.847s] -- The CXX compiler identification is GNU 11.4.0
[1.346s] -- Detecting C compiler ABI info
[1.498s] -- Detecting C compiler ABI info - done
[1.502s] -- Check for working C compiler: /usr/bin/cc - skipped
[1.502s] -- Detecting C compile features
[1.502s] -- Detecting C compile features - done
[1.504s] -- Detecting CXX compiler ABI info
[1.664s] -- Detecting CXX compiler ABI info - done
[1.668s] -- Check for working CXX compiler: /usr/bin/c++ - skipped
[1.669s] -- Detecting CXX compile features
[1.669s] -- Detecting CXX compile features - done
[1.670s] -- Found ament_cmake: 1.3.12 (/opt/ros/humble/share/ament_cmake/cmake)
[1.760s] -- Found Python3: /usr/bin/python3 (found version "3.10.12") found components: Interpreter 
[1.808s] -- Found rclcpp: 16.0.16 (/opt/ros/humble/share/rclcpp/cmake)
[2.019s] -- Found rosidl_generator_c: 3.1.7 (/opt/ros/humble/share/rosidl_generator_c/cmake)
[2.022s] -- Found rosidl_adapter: 3.1.7 (/opt/ros/humble/share/rosidl_adapter/cmake)
[2.026s] -- Found rosidl_generator_cpp: 3.1.7 (/opt/ros/humble/share/rosidl_generator_cpp/cmake)
[2.033s] -- Using all available rosidl_typesupport_c: rosidl_typesupport_fastrtps_c;rosidl_typesupport_introspection_c
[2.042s] -- Using all available rosidl_typesupport_cpp: rosidl_typesupport_fastrtps_cpp;rosidl_typesupport_introspection_cpp
[2.062s] -- Found rmw_implementation_cmake: 6.1.2 (/opt/ros/humble/share/rmw_implementation_cmake/cmake)
[2.063s] -- Found rmw_fastrtps_cpp: 6.2.9 (/opt/ros/humble/share/rmw_fastrtps_cpp/cmake)
[4.079s] -- Found OpenSSL: /usr/lib/x86_64-linux-gnu/libcrypto.so (found version "3.0.2")  
[6.054s] -- Found FastRTPS: /opt/ros/humble/include  
[9.841s] -- Using RMW implementation 'rmw_fastrtps_cpp' as default
[9.854s] -- Looking for pthread.h
[10.019s] -- Looking for pthread.h - found
[10.019s] -- Performing Test CMAKE_HAVE_LIBC_PTHREAD
[10.180s] -- Performing Test CMAKE_HAVE_LIBC_PTHREAD - Success
[10.180s] -- Found Threads: TRUE  
[10.209s] -- Found ament_lint_auto: 0.12.14 (/opt/ros/humble/share/ament_lint_auto/cmake)
[10.257s] -- Added test 'cppcheck' to perform static code analysis on C / C++ code
[10.258s] -- Configured cppcheck include dirs: 
[10.258s] -- Configured cppcheck exclude dirs and/or files: 
[10.258s] -- Added test 'flake8' to check Python code syntax and style conventions
[10.260s] -- Added test 'lint_cmake' to check CMake code style
[10.261s] -- Added test 'pep257' to check Python code against some of the docstring style conventions in PEP 257
[10.265s] -- Added test 'uncrustify' to check C / C++ code style
[10.265s] -- Configured uncrustify additional arguments: 
[10.266s] -- Added test 'xmllint' to check XML markup files
[10.267s] -- Configuring done
[10.273s] -- Generating done
[10.276s] -- Build files have been written to: /home/lucky/Code/ros2/chapt2/build/demo_cpp_pkg
[10.283s] Invoked command in '/home/lucky/Code/ros2/chapt2/build/demo_cpp_pkg' returned '0': CMAKE_PREFIX_PATH=/home/lucky/Code/ros2/python/demo_python_pkg/install/demo_python_pkg:/opt/ros/humble /usr/bin/cmake /home/lucky/Code/ros2/chapt2/src/demo_cpp_pkg -DCMAKE_INSTALL_PREFIX=/home/lucky/Code/ros2/chapt2/install/demo_cpp_pkg
[10.285s] Invoking command in '/home/lucky/Code/ros2/chapt2/build/demo_cpp_pkg': CMAKE_PREFIX_PATH=/home/lucky/Code/ros2/python/demo_python_pkg/install/demo_python_pkg:/opt/ros/humble /usr/bin/cmake --build /home/lucky/Code/ros2/chapt2/build/demo_cpp_pkg -- -j20 -l20
[10.313s] [ 50%] [32mBuilding CXX object CMakeFiles/cpp_node.dir/src/cpp_node.cpp.o[0m
[12.072s] [100%] [32m[1mLinking CXX executable cpp_node[0m
[12.259s] [100%] Built target cpp_node
[12.270s] Invoked command in '/home/lucky/Code/ros2/chapt2/build/demo_cpp_pkg' returned '0': CMAKE_PREFIX_PATH=/home/lucky/Code/ros2/python/demo_python_pkg/install/demo_python_pkg:/opt/ros/humble /usr/bin/cmake --build /home/lucky/Code/ros2/chapt2/build/demo_cpp_pkg -- -j20 -l20
[12.277s] Invoking command in '/home/lucky/Code/ros2/chapt2/build/demo_cpp_pkg': CMAKE_PREFIX_PATH=/home/lucky/Code/ros2/python/demo_python_pkg/install/demo_python_pkg:/opt/ros/humble /usr/bin/cmake --install /home/lucky/Code/ros2/chapt2/build/demo_cpp_pkg
[12.281s] -- Install configuration: ""
[12.281s] -- Installing: /home/lucky/Code/ros2/chapt2/install/demo_cpp_pkg/lib/{PROJECT_NAME}/cpp_node
[12.281s] -- Set runtime path of "/home/lucky/Code/ros2/chapt2/install/demo_cpp_pkg/lib/{PROJECT_NAME}/cpp_node" to ""
[12.282s] -- Installing: /home/lucky/Code/ros2/chapt2/install/demo_cpp_pkg/share/ament_index/resource_index/package_run_dependencies/demo_cpp_pkg
[12.282s] -- Installing: /home/lucky/Code/ros2/chapt2/install/demo_cpp_pkg/share/ament_index/resource_index/parent_prefix_path/demo_cpp_pkg
[12.282s] -- Installing: /home/lucky/Code/ros2/chapt2/install/demo_cpp_pkg/share/demo_cpp_pkg/environment/ament_prefix_path.sh
[12.282s] -- Installing: /home/lucky/Code/ros2/chapt2/install/demo_cpp_pkg/share/demo_cpp_pkg/environment/ament_prefix_path.dsv
[12.282s] -- Installing: /home/lucky/Code/ros2/chapt2/install/demo_cpp_pkg/share/demo_cpp_pkg/environment/path.sh
[12.282s] -- Installing: /home/lucky/Code/ros2/chapt2/install/demo_cpp_pkg/share/demo_cpp_pkg/environment/path.dsv
[12.283s] -- Installing: /home/lucky/Code/ros2/chapt2/install/demo_cpp_pkg/share/demo_cpp_pkg/local_setup.bash
[12.283s] -- Installing: /home/lucky/Code/ros2/chapt2/install/demo_cpp_pkg/share/demo_cpp_pkg/local_setup.sh
[12.283s] -- Installing: /home/lucky/Code/ros2/chapt2/install/demo_cpp_pkg/share/demo_cpp_pkg/local_setup.zsh
[12.283s] -- Installing: /home/lucky/Code/ros2/chapt2/install/demo_cpp_pkg/share/demo_cpp_pkg/local_setup.dsv
[12.283s] -- Installing: /home/lucky/Code/ros2/chapt2/install/demo_cpp_pkg/share/demo_cpp_pkg/package.dsv
[12.283s] -- Installing: /home/lucky/Code/ros2/chapt2/install/demo_cpp_pkg/share/ament_index/resource_index/packages/demo_cpp_pkg
[12.283s] -- Installing: /home/lucky/Code/ros2/chapt2/install/demo_cpp_pkg/share/demo_cpp_pkg/cmake/demo_cpp_pkgConfig.cmake
[12.283s] -- Installing: /home/lucky/Code/ros2/chapt2/install/demo_cpp_pkg/share/demo_cpp_pkg/cmake/demo_cpp_pkgConfig-version.cmake
[12.283s] -- Installing: /home/lucky/Code/ros2/chapt2/install/demo_cpp_pkg/share/demo_cpp_pkg/package.xml
[12.285s] Invoked command in '/home/lucky/Code/ros2/chapt2/build/demo_cpp_pkg' returned '0': CMAKE_PREFIX_PATH=/home/lucky/Code/ros2/python/demo_python_pkg/install/demo_python_pkg:/opt/ros/humble /usr/bin/cmake --install /home/lucky/Code/ros2/chapt2/build/demo_cpp_pkg
