[35m[1mConsolidate compiler generated dependencies of target learn_thread[0m
[ 66%] Built target cpp_node
[ 66%] Built target person_node
[ 83%] [32mBuilding CXX object CMakeFiles/learn_thread.dir/src/learn_thread.cpp.o[0m
[01m[K/home/lucky/Code/ros2/chapt2/src/demo_cpp_pkg/src/learn_thread.cpp:10:78:[m[K [01;31m[Kerror: [m[K‘[01m[Kfuncion[m[K’ in namespace ‘[01m[Kstd[m[K’ does not name a template type; did you mean ‘[01m[Kfunction[m[K’?
   10 |   void download(const std::string &host, const std::string &path, const std::[01;31m[Kfuncion[m[K<void(const std::string &, const std::string &)> &callback)
      |                                                                              [01;31m[K^~~~~~~[m[K
      |                                                                              [32m[Kfunction[m[K
[01m[K/home/lucky/Code/ros2/chapt2/src/demo_cpp_pkg/src/learn_thread.cpp:10:85:[m[K [01;31m[Kerror: [m[Kexpected ‘[01m[K,[m[K’ or ‘[01m[K...[m[K’ before ‘[01m[K<[m[K’ token
   10 |   void download(const std::string &host, const std::string &path, const std::funcion[01;31m[K<[m[Kvoid(const std::string &, const std::string &)> &callback)
      |                                                                                     [01;31m[K^[m[K
[01m[K/home/lucky/Code/ros2/chapt2/src/demo_cpp_pkg/src/learn_thread.cpp:[m[K In member function ‘[01m[Kvoid Download::download(const string&, const string&, int)[m[K’:
[01m[K/home/lucky/Code/ros2/chapt2/src/demo_cpp_pkg/src/learn_thread.cpp:17:7:[m[K [01;31m[Kerror: [m[K‘[01m[Kcallback[m[K’ was not declared in this scope; did you mean ‘[01m[Kcalloc[m[K’?
   17 |       [01;31m[Kcallback[m[K(path, response->body);
      |       [01;31m[K^~~~~~~~[m[K
      |       [32m[Kcalloc[m[K
In file included from [01m[K/usr/include/c++/11/thread:43[m[K,
                 from [01m[K/home/lucky/Code/ros2/chapt2/src/demo_cpp_pkg/src/learn_thread.cpp:2[m[K:
/usr/include/c++/11/bits/std_thread.h: In instantiation of ‘[01m[Kstd::thread::thread(_Callable&&, _Args&& ...) [with _Callable = std::_Bind<void (Download::*(Download*, std::_Placeholder<1>, std::_Placeholder<2>, std::_Placeholder<3>))(const std::__cxx11::basic_string<char>&, const std::__cxx11::basic_string<char>&, int)>&; _Args = {const std::__cxx11::basic_string<char, std::char_traits<char>, std::allocator<char> >&, const std::__cxx11::basic_string<char, std::char_traits<char>, std::allocator<char> >&, const std::function<void(const std::__cxx11::basic_string<char, std::char_traits<char>, std::allocator<char> >&, const std::__cxx11::basic_string<char, std::char_traits<char>, std::allocator<char> >&)>&}; <template-parameter-1-3> = void][m[K’:
[01m[K/home/lucky/Code/ros2/chapt2/src/demo_cpp_pkg/src/learn_thread.cpp:24:67:[m[K   required from here
[01m[K/usr/include/c++/11/bits/std_thread.h:130:72:[m[K [01;31m[Kerror: [m[Kstatic assertion failed: std::thread arguments must be invocable after conversion to rvalues
  130 |                                       typename decay<_Args>::type...>::[01;31m[Kvalue[m[K,
      |                                                                        [01;31m[K^~~~~[m[K
[01m[K/usr/include/c++/11/bits/std_thread.h:130:72:[m[K [01;36m[Knote: [m[K‘[01m[Kstd::integral_constant<bool, false>::value[m[K’ evaluates to false
/usr/include/c++/11/bits/std_thread.h: In instantiation of ‘[01m[Kstruct std::thread::_Invoker<std::tuple<std::_Bind<void (Download::*(Download*, std::_Placeholder<1>, std::_Placeholder<2>, std::_Placeholder<3>))(const std::__cxx11::basic_string<char, std::char_traits<char>, std::allocator<char> >&, const std::__cxx11::basic_string<char, std::char_traits<char>, std::allocator<char> >&, int)>, std::__cxx11::basic_string<char, std::char_traits<char>, std::allocator<char> >, std::__cxx11::basic_string<char, std::char_traits<char>, std::allocator<char> >, std::function<void(const std::__cxx11::basic_string<char, std::char_traits<char>, std::allocator<char> >&, const std::__cxx11::basic_string<char, std::char_traits<char>, std::allocator<char> >&)> > >[m[K’:
[01m[K/usr/include/c++/11/bits/std_thread.h:203:13:[m[K   required from ‘[01m[Kstruct std::thread::_State_impl<std::thread::_Invoker<std::tuple<std::_Bind<void (Download::*(Download*, std::_Placeholder<1>, std::_Placeholder<2>, std::_Placeholder<3>))(const std::__cxx11::basic_string<char, std::char_traits<char>, std::allocator<char> >&, const std::__cxx11::basic_string<char, std::char_traits<char>, std::allocator<char> >&, int)>, std::__cxx11::basic_string<char, std::char_traits<char>, std::allocator<char> >, std::__cxx11::basic_string<char, std::char_traits<char>, std::allocator<char> >, std::function<void(const std::__cxx11::basic_string<char, std::char_traits<char>, std::allocator<char> >&, const std::__cxx11::basic_string<char, std::char_traits<char>, std::allocator<char> >&)> > > >[m[K’
[01m[K/usr/include/c++/11/bits/std_thread.h:143:29:[m[K   required from ‘[01m[Kstd::thread::thread(_Callable&&, _Args&& ...) [with _Callable = std::_Bind<void (Download::*(Download*, std::_Placeholder<1>, std::_Placeholder<2>, std::_Placeholder<3>))(const std::__cxx11::basic_string<char>&, const std::__cxx11::basic_string<char>&, int)>&; _Args = {const std::__cxx11::basic_string<char, std::char_traits<char>, std::allocator<char> >&, const std::__cxx11::basic_string<char, std::char_traits<char>, std::allocator<char> >&, const std::function<void(const std::__cxx11::basic_string<char, std::char_traits<char>, std::allocator<char> >&, const std::__cxx11::basic_string<char, std::char_traits<char>, std::allocator<char> >&)>&}; <template-parameter-1-3> = void][m[K’
[01m[K/home/lucky/Code/ros2/chapt2/src/demo_cpp_pkg/src/learn_thread.cpp:24:67:[m[K   required from here
[01m[K/usr/include/c++/11/bits/std_thread.h:258:11:[m[K [01;31m[Kerror: [m[Kno type named ‘[01m[Ktype[m[K’ in ‘[01m[Kstruct std::thread::_Invoker<std::tuple<std::_Bind<void (Download::*(Download*, std::_Placeholder<1>, std::_Placeholder<2>, std::_Placeholder<3>))(const std::__cxx11::basic_string<char, std::char_traits<char>, std::allocator<char> >&, const std::__cxx11::basic_string<char, std::char_traits<char>, std::allocator<char> >&, int)>, std::__cxx11::basic_string<char, std::char_traits<char>, std::allocator<char> >, std::__cxx11::basic_string<char, std::char_traits<char>, std::allocator<char> >, std::function<void(const std::__cxx11::basic_string<char, std::char_traits<char>, std::allocator<char> >&, const std::__cxx11::basic_string<char, std::char_traits<char>, std::allocator<char> >&)> > >::__result<std::tuple<std::_Bind<void (Download::*(Download*, std::_Placeholder<1>, std::_Placeholder<2>, std::_Placeholder<3>))(const std::__cxx11::basic_string<char, std::char_traits<char>, std::allocator<char> >&, const std::__cxx11::basic_string<char, std::char_traits<char>, std::allocator<char> >&, int)>, std::__cxx11::basic_string<char, std::char_traits<char>, std::allocator<char> >, std::__cxx11::basic_string<char, std::char_traits<char>, std::allocator<char> >, std::function<void(const std::__cxx11::basic_string<char, std::char_traits<char>, std::allocator<char> >&, const std::__cxx11::basic_string<char, std::char_traits<char>, std::allocator<char> >&)> > >[m[K’
  258 |           [01;31m[K_M_invoke[m[K(_Index_tuple<_Ind...>)
      |           [01;31m[K^~~~~~~~~[m[K
[01m[K/usr/include/c++/11/bits/std_thread.h:262:9:[m[K [01;31m[Kerror: [m[Kno type named ‘[01m[Ktype[m[K’ in ‘[01m[Kstruct std::thread::_Invoker<std::tuple<std::_Bind<void (Download::*(Download*, std::_Placeholder<1>, std::_Placeholder<2>, std::_Placeholder<3>))(const std::__cxx11::basic_string<char, std::char_traits<char>, std::allocator<char> >&, const std::__cxx11::basic_string<char, std::char_traits<char>, std::allocator<char> >&, int)>, std::__cxx11::basic_string<char, std::char_traits<char>, std::allocator<char> >, std::__cxx11::basic_string<char, std::char_traits<char>, std::allocator<char> >, std::function<void(const std::__cxx11::basic_string<char, std::char_traits<char>, std::allocator<char> >&, const std::__cxx11::basic_string<char, std::char_traits<char>, std::allocator<char> >&)> > >::__result<std::tuple<std::_Bind<void (Download::*(Download*, std::_Placeholder<1>, std::_Placeholder<2>, std::_Placeholder<3>))(const std::__cxx11::basic_string<char, std::char_traits<char>, std::allocator<char> >&, const std::__cxx11::basic_string<char, std::char_traits<char>, std::allocator<char> >&, int)>, std::__cxx11::basic_string<char, std::char_traits<char>, std::allocator<char> >, std::__cxx11::basic_string<char, std::char_traits<char>, std::allocator<char> >, std::function<void(const std::__cxx11::basic_string<char, std::char_traits<char>, std::allocator<char> >&, const std::__cxx11::basic_string<char, std::char_traits<char>, std::allocator<char> >&)> > >[m[K’
  262 |         [01;31m[Koperator[m[K()()
      |         [01;31m[K^~~~~~~~[m[K
gmake[2]: *** [CMakeFiles/learn_thread.dir/build.make:76: CMakeFiles/learn_thread.dir/src/learn_thread.cpp.o] Error 1
gmake[1]: *** [CMakeFiles/Makefile2:193: CMakeFiles/learn_thread.dir/all] Error 2
gmake: *** [Makefile:146: all] Error 2
