[0.442s] Invoking command in '/home/lucky/Code/ros2/chapt2/src/demo_python_pkg': PYTHONPATH=/home/lucky/Code/ros2/chapt2/build/demo_python_pkg/prefix_override:/usr/lib/python3/dist-packages/colcon_core/task/python/colcon_distutils_commands:/home/lucky/Code/ros2/chapt2/install/demo_python_pkg/lib/python3.10/site-packages:${PYTHONPATH} /usr/bin/python3 -W ignore:setup.py install is deprecated -W ignore:easy_install command is deprecated setup.py egg_info --egg-base ../../build/demo_python_pkg build --build-base /home/lucky/Code/ros2/chapt2/build/demo_python_pkg/build install --record /home/lucky/Code/ros2/chapt2/build/demo_python_pkg/install.log --single-version-externally-managed install_data
[0.549s] running egg_info
[0.549s] writing ../../build/demo_python_pkg/demo_python_pkg.egg-info/PKG-INFO
[0.549s] writing dependency_links to ../../build/demo_python_pkg/demo_python_pkg.egg-info/dependency_links.txt
[0.549s] writing entry points to ../../build/demo_python_pkg/demo_python_pkg.egg-info/entry_points.txt
[0.549s] writing requirements to ../../build/demo_python_pkg/demo_python_pkg.egg-info/requires.txt
[0.549s] writing top-level names to ../../build/demo_python_pkg/demo_python_pkg.egg-info/top_level.txt
[0.550s] reading manifest file '../../build/demo_python_pkg/demo_python_pkg.egg-info/SOURCES.txt'
[0.550s] adding license file 'LICENSE'
[0.551s] writing manifest file '../../build/demo_python_pkg/demo_python_pkg.egg-info/SOURCES.txt'
[0.551s] running build
[0.551s] running build_py
[0.551s] running install
[0.551s] running install_lib
[0.552s] running install_data
[0.552s] running install_egg_info
[0.553s] removing '/home/lucky/Code/ros2/chapt2/install/demo_python_pkg/lib/python3.10/site-packages/demo_python_pkg-0.0.0-py3.10.egg-info' (and everything under it)
[0.553s] Copying ../../build/demo_python_pkg/demo_python_pkg.egg-info to /home/lucky/Code/ros2/chapt2/install/demo_python_pkg/lib/python3.10/site-packages/demo_python_pkg-0.0.0-py3.10.egg-info
[0.553s] running install_scripts
[0.565s] Installing person_node script to /home/lucky/Code/ros2/chapt2/install/demo_python_pkg/lib/demo_python_pkg
[0.565s] Installing python_node script to /home/lucky/Code/ros2/chapt2/install/demo_python_pkg/lib/demo_python_pkg
[0.565s] Installing writer_node script to /home/lucky/Code/ros2/chapt2/install/demo_python_pkg/lib/demo_python_pkg
[0.565s] writing list of installed files to '/home/lucky/Code/ros2/chapt2/build/demo_python_pkg/install.log'
[0.576s] Invoked command in '/home/lucky/Code/ros2/chapt2/src/demo_python_pkg' returned '0': PYTHONPATH=/home/lucky/Code/ros2/chapt2/build/demo_python_pkg/prefix_override:/usr/lib/python3/dist-packages/colcon_core/task/python/colcon_distutils_commands:/home/lucky/Code/ros2/chapt2/install/demo_python_pkg/lib/python3.10/site-packages:${PYTHONPATH} /usr/bin/python3 -W ignore:setup.py install is deprecated -W ignore:easy_install command is deprecated setup.py egg_info --egg-base ../../build/demo_python_pkg build --build-base /home/lucky/Code/ros2/chapt2/build/demo_python_pkg/build install --record /home/lucky/Code/ros2/chapt2/build/demo_python_pkg/install.log --single-version-externally-managed install_data
